[2024-01-30 03:39:03Z INFO HostContext] No proxy settings were found based on environmental variables (http_proxy/https_proxy/HTTP_PROXY/HTTPS_PROXY)
[2024-01-30 03:39:03Z INFO HostContext] Well known directory 'Bin': 'C:\Users\ander\Desktop\Prueba_1\Despliegue\despliegue_CI_CD\actions-runner\bin'
[2024-01-30 03:39:03Z INFO HostContext] Well known directory 'Root': 'C:\Users\ander\Desktop\Prueba_1\Despliegue\despliegue_CI_CD\actions-runner'
[2024-01-30 03:39:03Z INFO HostContext] Well known config file 'Credentials': 'C:\Users\ander\Desktop\Prueba_1\Despliegue\despliegue_CI_CD\actions-runner\.credentials'
[2024-01-30 03:39:03Z INFO HostContext] Well known directory 'Bin': 'C:\Users\ander\Desktop\Prueba_1\Despliegue\despliegue_CI_CD\actions-runner\bin'
[2024-01-30 03:39:03Z INFO HostContext] Well known directory 'Root': 'C:\Users\ander\Desktop\Prueba_1\Despliegue\despliegue_CI_CD\actions-runner'
[2024-01-30 03:39:03Z INFO HostContext] Well known config file 'Runner': 'C:\Users\ander\Desktop\Prueba_1\Despliegue\despliegue_CI_CD\actions-runner\.runner'
[2024-01-30 03:39:03Z INFO Listener] Runner is built for Windows (X64) - win-x64.
[2024-01-30 03:39:03Z INFO Listener] RuntimeInformation: Microsoft Windows 10.0.19045.
[2024-01-30 03:39:03Z INFO Listener] Version: 2.312.0
[2024-01-30 03:39:03Z INFO Listener] Commit: 1615de2f78ce16935be95ace79d35ed22b0837be
[2024-01-30 03:39:03Z INFO Listener] Culture: es-CO
[2024-01-30 03:39:03Z INFO Listener] UI Culture: es-ES
[2024-01-30 03:39:03Z INFO HostContext] Well known directory 'Bin': 'C:\Users\ander\Desktop\Prueba_1\Despliegue\despliegue_CI_CD\actions-runner\bin'
[2024-01-30 03:39:03Z INFO HostContext] Well known directory 'Root': 'C:\Users\ander\Desktop\Prueba_1\Despliegue\despliegue_CI_CD\actions-runner'
[2024-01-30 03:39:03Z INFO Listener] Validating directory permissions for: 'C:\Users\ander\Desktop\Prueba_1\Despliegue\despliegue_CI_CD\actions-runner'
[2024-01-30 03:39:03Z INFO CommandLineParser] Parse
[2024-01-30 03:39:03Z INFO CommandLineParser] Parsing 1 args
[2024-01-30 03:39:03Z INFO CommandLineParser] parsing argument
[2024-01-30 03:39:03Z INFO CommandLineParser] HasArgs: False
[2024-01-30 03:39:03Z INFO CommandLineParser] Adding Command: run
[2024-01-30 03:39:03Z INFO Listener] Arguments parsed
[2024-01-30 03:39:03Z INFO Runner] ExecuteCommand
[2024-01-30 03:39:03Z INFO ConfigurationStore] currentAssemblyLocation: C:\Users\ander\Desktop\Prueba_1\Despliegue\despliegue_CI_CD\actions-runner\bin\Runner.Listener.dll
[2024-01-30 03:39:03Z INFO HostContext] Well known directory 'Bin': 'C:\Users\ander\Desktop\Prueba_1\Despliegue\despliegue_CI_CD\actions-runner\bin'
[2024-01-30 03:39:03Z INFO ConfigurationStore] binPath: C:\Users\ander\Desktop\Prueba_1\Despliegue\despliegue_CI_CD\actions-runner\bin
[2024-01-30 03:39:03Z INFO HostContext] Well known directory 'Bin': 'C:\Users\ander\Desktop\Prueba_1\Despliegue\despliegue_CI_CD\actions-runner\bin'
[2024-01-30 03:39:03Z INFO HostContext] Well known directory 'Root': 'C:\Users\ander\Desktop\Prueba_1\Despliegue\despliegue_CI_CD\actions-runner'
[2024-01-30 03:39:03Z INFO ConfigurationStore] RootFolder: C:\Users\ander\Desktop\Prueba_1\Despliegue\despliegue_CI_CD\actions-runner
[2024-01-30 03:39:03Z INFO HostContext] Well known directory 'Bin': 'C:\Users\ander\Desktop\Prueba_1\Despliegue\despliegue_CI_CD\actions-runner\bin'
[2024-01-30 03:39:03Z INFO HostContext] Well known directory 'Root': 'C:\Users\ander\Desktop\Prueba_1\Despliegue\despliegue_CI_CD\actions-runner'
[2024-01-30 03:39:03Z INFO HostContext] Well known config file 'Runner': 'C:\Users\ander\Desktop\Prueba_1\Despliegue\despliegue_CI_CD\actions-runner\.runner'
[2024-01-30 03:39:03Z INFO ConfigurationStore] ConfigFilePath: C:\Users\ander\Desktop\Prueba_1\Despliegue\despliegue_CI_CD\actions-runner\.runner
[2024-01-30 03:39:03Z INFO HostContext] Well known directory 'Bin': 'C:\Users\ander\Desktop\Prueba_1\Despliegue\despliegue_CI_CD\actions-runner\bin'
[2024-01-30 03:39:03Z INFO HostContext] Well known directory 'Root': 'C:\Users\ander\Desktop\Prueba_1\Despliegue\despliegue_CI_CD\actions-runner'
[2024-01-30 03:39:03Z INFO HostContext] Well known config file 'Credentials': 'C:\Users\ander\Desktop\Prueba_1\Despliegue\despliegue_CI_CD\actions-runner\.credentials'
[2024-01-30 03:39:03Z INFO ConfigurationStore] CredFilePath: C:\Users\ander\Desktop\Prueba_1\Despliegue\despliegue_CI_CD\actions-runner\.credentials
[2024-01-30 03:39:03Z INFO HostContext] Well known directory 'Bin': 'C:\Users\ander\Desktop\Prueba_1\Despliegue\despliegue_CI_CD\actions-runner\bin'
[2024-01-30 03:39:03Z INFO HostContext] Well known directory 'Root': 'C:\Users\ander\Desktop\Prueba_1\Despliegue\despliegue_CI_CD\actions-runner'
[2024-01-30 03:39:03Z INFO HostContext] Well known config file 'MigratedCredentials': 'C:\Users\ander\Desktop\Prueba_1\Despliegue\despliegue_CI_CD\actions-runner\.credentials_migrated'
[2024-01-30 03:39:03Z INFO ConfigurationStore] MigratedCredFilePath: C:\Users\ander\Desktop\Prueba_1\Despliegue\despliegue_CI_CD\actions-runner\.credentials_migrated
[2024-01-30 03:39:03Z INFO HostContext] Well known directory 'Bin': 'C:\Users\ander\Desktop\Prueba_1\Despliegue\despliegue_CI_CD\actions-runner\bin'
[2024-01-30 03:39:03Z INFO HostContext] Well known directory 'Root': 'C:\Users\ander\Desktop\Prueba_1\Despliegue\despliegue_CI_CD\actions-runner'
[2024-01-30 03:39:03Z INFO HostContext] Well known config file 'Service': 'C:\Users\ander\Desktop\Prueba_1\Despliegue\despliegue_CI_CD\actions-runner\.service'
[2024-01-30 03:39:03Z INFO ConfigurationStore] ServiceConfigFilePath: C:\Users\ander\Desktop\Prueba_1\Despliegue\despliegue_CI_CD\actions-runner\.service
[2024-01-30 03:39:03Z INFO CommandSettings] Flag 'help': 'False'
[2024-01-30 03:39:03Z INFO CommandSettings] Flag 'version': 'False'
[2024-01-30 03:39:03Z INFO CommandSettings] Flag 'commit': 'False'
[2024-01-30 03:39:03Z INFO CommandSettings] Flag 'check': 'False'
[2024-01-30 03:39:03Z INFO CommandSettings] Command 'configure': 'False'
[2024-01-30 03:39:03Z INFO CommandSettings] Command 'remove': 'False'
[2024-01-30 03:39:03Z INFO CommandSettings] Command 'warmup': 'False'
[2024-01-30 03:39:03Z INFO ConfigurationManager] LoadSettings
[2024-01-30 03:39:03Z INFO ConfigurationStore] IsConfigured()
[2024-01-30 03:39:03Z INFO ConfigurationStore] IsConfigured: True
[2024-01-30 03:39:03Z INFO ConfigurationManager] Is configured: True
[2024-01-30 03:39:03Z INFO ConfigurationStore] Read setting file: 317 chars
[2024-01-30 03:39:03Z INFO ConfigurationManager] Settings Loaded
[2024-01-30 03:39:03Z INFO ConfigurationStore] IsServiceConfigured()
[2024-01-30 03:39:03Z INFO ConfigurationStore] IsServiceConfigured: False
[2024-01-30 03:39:03Z INFO CommandSettings] Command 'run': 'True'
[2024-01-30 03:39:03Z INFO ConfigurationStore] IsConfigured()
[2024-01-30 03:39:03Z INFO ConfigurationStore] IsConfigured: True
[2024-01-30 03:39:03Z INFO ConfigurationManager] Is configured: True
[2024-01-30 03:39:03Z INFO Runner] Could not parse the argument value '' for StartupType. Defaulting to Manual
[2024-01-30 03:39:03Z INFO Runner] Set runner startup type - Manual
[2024-01-30 03:39:03Z INFO CommandSettings] Flag 'once': 'False'
[2024-01-30 03:39:03Z INFO CommandSettings] Flag 'once': 'False'
[2024-01-30 03:39:03Z INFO Runner] RunAsync
[2024-01-30 03:39:03Z INFO ConfigurationManager] LoadSettings
[2024-01-30 03:39:03Z INFO ConfigurationStore] IsConfigured()
[2024-01-30 03:39:03Z INFO ConfigurationStore] IsConfigured: True
[2024-01-30 03:39:03Z INFO ConfigurationManager] Is configured: True
[2024-01-30 03:39:03Z INFO ConfigurationManager] Settings Loaded
[2024-01-30 03:39:03Z INFO MessageListener] {
  "AgentId": 21,
  "AgentName": "ANDERSON-RUALES",
  "PoolId": 1,
  "PoolName": "Default",
  "ServerUrl": "https://pipelinesghubeus11.actions.githubusercontent.com/pE6VUJfuw6i8qXB9VW3lvYmCWFnRN3LPSrxclA6SAL35DGJMke/",
  "GitHubUrl": "https://github.com/aarualest/despliegue_CI_CD",
  "WorkFolder": "_work"
}
[2024-01-30 03:39:03Z INFO MessageListener] Loading Credentials
[2024-01-30 03:39:03Z INFO ConfigurationStore] HasCredentials()
[2024-01-30 03:39:03Z INFO ConfigurationStore] stored True
[2024-01-30 03:39:03Z INFO CredentialManager] GetCredentialProvider
[2024-01-30 03:39:03Z INFO CredentialManager] Creating type OAuth
[2024-01-30 03:39:03Z INFO CredentialManager] Creating credential type: OAuth
[2024-01-30 03:39:03Z INFO HostContext] Well known directory 'Bin': 'C:\Users\ander\Desktop\Prueba_1\Despliegue\despliegue_CI_CD\actions-runner\bin'
[2024-01-30 03:39:03Z INFO HostContext] Well known directory 'Root': 'C:\Users\ander\Desktop\Prueba_1\Despliegue\despliegue_CI_CD\actions-runner'
[2024-01-30 03:39:03Z INFO HostContext] Well known config file 'RSACredentials': 'C:\Users\ander\Desktop\Prueba_1\Despliegue\despliegue_CI_CD\actions-runner\.credentials_rsaparams'
[2024-01-30 03:39:03Z INFO RSAEncryptedFileKeyManager] Loading RSA key parameters from file C:\Users\ander\Desktop\Prueba_1\Despliegue\despliegue_CI_CD\actions-runner\.credentials_rsaparams
[2024-01-30 03:39:03Z INFO MessageListener] Attempt to create session.
[2024-01-30 03:39:03Z INFO MessageListener] Connecting to the Runner Server...
[2024-01-30 03:39:03Z INFO RunnerServer] EstablishVssConnection
[2024-01-30 03:39:03Z INFO RunnerServer] Establish connection with 100 seconds timeout.
[2024-01-30 03:39:03Z INFO GitHubActionsService] Starting operation Location.GetConnectionData
[2024-01-30 03:39:03Z INFO RunnerServer] EstablishVssConnection
[2024-01-30 03:39:03Z INFO RunnerServer] Establish connection with 60 seconds timeout.
[2024-01-30 03:39:03Z INFO GitHubActionsService] Starting operation Location.GetConnectionData
[2024-01-30 03:39:03Z INFO RunnerServer] EstablishVssConnection
[2024-01-30 03:39:03Z INFO RunnerServer] Establish connection with 60 seconds timeout.
[2024-01-30 03:39:03Z INFO GitHubActionsService] Starting operation Location.GetConnectionData
[2024-01-30 03:39:04Z INFO GitHubActionsService] Finished operation Location.GetConnectionData
[2024-01-30 03:39:04Z INFO GitHubActionsService] Finished operation Location.GetConnectionData
[2024-01-30 03:39:04Z INFO GitHubActionsService] Finished operation Location.GetConnectionData
[2024-01-30 03:39:04Z INFO MessageListener] VssConnection created
[2024-01-30 03:39:04Z INFO Terminal] WRITE LINE: 
[2024-01-30 03:39:04Z INFO Terminal] WRITE LINE: 
[2024-01-30 03:39:04Z INFO RSAEncryptedFileKeyManager] Loading RSA key parameters from file C:\Users\ander\Desktop\Prueba_1\Despliegue\despliegue_CI_CD\actions-runner\.credentials_rsaparams
[2024-01-30 03:39:04Z INFO RSAEncryptedFileKeyManager] Loading RSA key parameters from file C:\Users\ander\Desktop\Prueba_1\Despliegue\despliegue_CI_CD\actions-runner\.credentials_rsaparams
[2024-01-30 03:39:05Z INFO GitHubActionsService] AAD Correlation ID for this token request: Unknown
[2024-01-30 03:39:05Z INFO MessageListener] Session created.
[2024-01-30 03:39:05Z INFO Terminal] WRITE LINE: Current runner version: '2.312.0'
[2024-01-30 03:39:05Z INFO Terminal] WRITE LINE: 2024-01-30 03:39:05Z: Listening for Jobs
[2024-01-30 03:39:05Z INFO JobDispatcher] Set runner/worker IPC timeout to 30 seconds.
[2024-01-30 03:39:09Z INFO RSAEncryptedFileKeyManager] Loading RSA key parameters from file C:\Users\ander\Desktop\Prueba_1\Despliegue\despliegue_CI_CD\actions-runner\.credentials_rsaparams
[2024-01-30 03:39:09Z INFO MessageListener] Message '1' received from session '8d27a0e3-e2cd-4098-b0c2-29da76f54216'.
[2024-01-30 03:39:09Z INFO Runner] Received job message of length 24222 from service, with hash 'f78d2258eea4e78f56742337e7e63360fffbc8a62b3fb1cc99b00dc651c10f4b'
[2024-01-30 03:39:09Z INFO JobDispatcher] Job request 8 for plan 58f7b7a9-e535-43ab-9c5d-f0e48474c861 job 85e6bc36-56fd-568b-f26d-b0f1c4193932 received.
[2024-01-30 03:39:09Z INFO JobDispatcher] Pull OrchestrationId 58f7b7a9-e535-43ab-9c5d-f0e48474c861.evaluacion.__default from JWT claims
[2024-01-30 03:39:09Z INFO Terminal] WRITE LINE: 2024-01-30 03:39:09Z: Running job: evaluacion
[2024-01-30 03:39:09Z INFO JobDispatcher] Start renew job request 8 for job 85e6bc36-56fd-568b-f26d-b0f1c4193932.
[2024-01-30 03:39:09Z INFO JobDispatcher] Successfully renew job request 8, job is valid till 30/01/2024 3:49:12 a. m.
[2024-01-30 03:39:09Z INFO HostContext] Well known directory 'Bin': 'C:\Users\ander\Desktop\Prueba_1\Despliegue\despliegue_CI_CD\actions-runner\bin'
[2024-01-30 03:39:09Z INFO ProcessInvokerWrapper] Starting process:
[2024-01-30 03:39:09Z INFO ProcessInvokerWrapper]   File name: 'C:\Users\ander\Desktop\Prueba_1\Despliegue\despliegue_CI_CD\actions-runner\bin\Runner.Worker.exe'
[2024-01-30 03:39:09Z INFO ProcessInvokerWrapper]   Arguments: 'spawnclient 2056 2156'
[2024-01-30 03:39:09Z INFO ProcessInvokerWrapper]   Working directory: 'C:\Users\ander\Desktop\Prueba_1\Despliegue\despliegue_CI_CD\actions-runner\bin'
[2024-01-30 03:39:09Z INFO ProcessInvokerWrapper]   Require exit code zero: 'False'
[2024-01-30 03:39:09Z INFO ProcessInvokerWrapper]   Encoding web name:  ; code page: ''
[2024-01-30 03:39:09Z INFO ProcessInvokerWrapper]   Force kill process on cancellation: 'True'
[2024-01-30 03:39:09Z INFO ProcessInvokerWrapper]   Redirected STDIN: 'False'
[2024-01-30 03:39:09Z INFO ProcessInvokerWrapper]   Persist current code page: 'False'
[2024-01-30 03:39:09Z INFO ProcessInvokerWrapper]   Keep redirected STDIN open: 'False'
[2024-01-30 03:39:09Z INFO ProcessInvokerWrapper]   High priority process: 'True'
[2024-01-30 03:39:09Z INFO ProcessInvokerWrapper] Process started with process id 23388, waiting for process exit.
[2024-01-30 03:39:09Z INFO JobDispatcher] Send job request message to worker for job 85e6bc36-56fd-568b-f26d-b0f1c4193932.
[2024-01-30 03:39:09Z INFO ProcessChannel] Sending message of length 24222, with hash 'f78d2258eea4e78f56742337e7e63360fffbc8a62b3fb1cc99b00dc651c10f4b'
[2024-01-30 03:39:10Z INFO JobNotification] Entering JobStarted Notification
[2024-01-30 03:39:10Z INFO JobNotification] Entering StartMonitor
[2024-01-30 03:39:47Z INFO ProcessInvokerWrapper] STDOUT/STDERR stream read finished.
[2024-01-30 03:39:47Z INFO ProcessInvokerWrapper] STDOUT/STDERR stream read finished.
[2024-01-30 03:39:47Z INFO ProcessInvokerWrapper] Finished process 23388 with exit code 102, and elapsed time 00:00:38.0643399.
[2024-01-30 03:39:47Z INFO JobDispatcher] Worker finished for job 85e6bc36-56fd-568b-f26d-b0f1c4193932. Code: 102
[2024-01-30 03:39:47Z INFO JobDispatcher] finish job request for job 85e6bc36-56fd-568b-f26d-b0f1c4193932 with result: Failed
[2024-01-30 03:39:47Z INFO Terminal] WRITE LINE: 2024-01-30 03:39:47Z: Job evaluacion completed with result: Failed
[2024-01-30 03:39:47Z INFO JobDispatcher] Stop renew job request for job 85e6bc36-56fd-568b-f26d-b0f1c4193932.
[2024-01-30 03:39:47Z INFO JobDispatcher] job renew has been cancelled, stop renew job request 8.
[2024-01-30 03:39:47Z INFO JobNotification] Entering JobCompleted Notification
[2024-01-30 03:39:47Z INFO JobNotification] Entering EndMonitor
[2024-01-30 03:43:33Z INFO Terminal] WRITE LINE: Exiting...
[2024-01-30 03:43:33Z INFO ConfigurationStore] IsServiceConfigured()
[2024-01-30 03:43:33Z INFO ConfigurationStore] IsServiceConfigured: False
[2024-01-30 03:43:33Z INFO HostContext] Runner will be shutdown for UserCancelled
[2024-01-30 03:43:33Z WARN GitHubActionsService] GET request to https://pipelinesghubeus11.actions.githubusercontent.com/pE6VUJfuw6i8qXB9VW3lvYmCWFnRN3LPSrxclA6SAL35DGJMke/_apis/distributedtask/pools/1/messages?sessionId=8d27a0e3-e2cd-4098-b0c2-29da76f54216&lastMessageId=1&status=Online&runnerVersion=2.312.0&os=Windows&architecture=X64&disableUpdate=false has been cancelled.
[2024-01-30 03:43:33Z INFO MessageListener] Get next message has been cancelled.
[2024-01-30 03:43:33Z INFO JobDispatcher] Shutting down JobDispatcher. Make sure all WorkerDispatcher has finished.
[2024-01-30 03:43:33Z INFO JobDispatcher] Ensure WorkerDispatcher for job 85e6bc36-56fd-568b-f26d-b0f1c4193932 run to finish, cancel any running job.
[2024-01-30 03:43:33Z INFO JobDispatcher] Job request 85e6bc36-56fd-568b-f26d-b0f1c4193932 processed succeed.
[2024-01-30 03:43:33Z INFO Listener] Runner execution been cancelled.
